2017-11-13 20:08:54,523 [INFO] from play.api.http.EnabledFilters in play-dev-mode-akka.actor.default-dispatcher-6 - Enabled Filters (see <https://www.playframework.com/documentation/latest/Filters>):

    play.filters.csrf.CSRFFilter
    play.filters.headers.SecurityHeadersFilter
    play.filters.hosts.AllowedHostsFilter

2017-11-13 20:08:54,648 [INFO] from play.api.Play in play-dev-mode-akka.actor.default-dispatcher-6 - Application started (Dev)
2017-11-13 20:08:54,886 [WARN] from play.api.mvc.DefaultJWTCookieDataCodec in play-dev-mode-akka.actor.default-dispatcher-6 - decode: cookie has invalid signature! message = JWT signature does not match locally computed signature. JWT validity cannot be asserted and should not be trusted.
2017-11-13 20:08:54,890 [INFO] from play.api.mvc.DefaultJWTCookieDataCodec in play-dev-mode-akka.actor.default-dispatcher-6 - The JWT signature in the cookie does not match the locally computed signature with the server.
This usually indicates the browser has a leftover cookie from another Play application,
so clearing cookies may resolve this error message.
2017-11-13 20:09:04,611 [WARN] from play.api.mvc.DefaultJWTCookieDataCodec in play-dev-mode-akka.actor.default-dispatcher-23 - decode: cookie has invalid signature! message = JWT signature does not match locally computed signature. JWT validity cannot be asserted and should not be trusted.
2017-11-13 20:09:04,612 [INFO] from play.api.mvc.DefaultJWTCookieDataCodec in play-dev-mode-akka.actor.default-dispatcher-23 - The JWT signature in the cookie does not match the locally computed signature with the server.
This usually indicates the browser has a leftover cookie from another Play application,
so clearing cookies may resolve this error message.
2017-11-13 20:09:36,337 [INFO] from play.api.http.EnabledFilters in play-dev-mode-akka.actor.default-dispatcher-25 - Enabled Filters (see <https://www.playframework.com/documentation/latest/Filters>):

    play.filters.csrf.CSRFFilter
    play.filters.headers.SecurityHeadersFilter
    play.filters.hosts.AllowedHostsFilter

2017-11-13 20:09:36,348 [INFO] from play.api.Play in play-dev-mode-akka.actor.default-dispatcher-25 - Application started (Dev)
2017-11-13 20:09:36,364 [WARN] from play.api.mvc.DefaultJWTCookieDataCodec in play-dev-mode-akka.actor.default-dispatcher-25 - decode: cookie has invalid signature! message = JWT signature does not match locally computed signature. JWT validity cannot be asserted and should not be trusted.
2017-11-13 20:09:36,367 [INFO] from play.api.mvc.DefaultJWTCookieDataCodec in play-dev-mode-akka.actor.default-dispatcher-25 - The JWT signature in the cookie does not match the locally computed signature with the server.
This usually indicates the browser has a leftover cookie from another Play application,
so clearing cookies may resolve this error message.
2017-11-13 20:09:39,132 [WARN] from play.api.mvc.DefaultJWTCookieDataCodec in play-dev-mode-akka.actor.default-dispatcher-25 - decode: cookie has invalid signature! message = JWT signature does not match locally computed signature. JWT validity cannot be asserted and should not be trusted.
2017-11-13 20:09:39,133 [INFO] from play.api.mvc.DefaultJWTCookieDataCodec in play-dev-mode-akka.actor.default-dispatcher-25 - The JWT signature in the cookie does not match the locally computed signature with the server.
This usually indicates the browser has a leftover cookie from another Play application,
so clearing cookies may resolve this error message.
2017-11-13 20:09:40,717 [WARN] from play.api.mvc.DefaultJWTCookieDataCodec in play-dev-mode-akka.actor.default-dispatcher-26 - decode: cookie has invalid signature! message = JWT signature does not match locally computed signature. JWT validity cannot be asserted and should not be trusted.
2017-11-13 20:09:40,717 [INFO] from play.api.mvc.DefaultJWTCookieDataCodec in play-dev-mode-akka.actor.default-dispatcher-26 - The JWT signature in the cookie does not match the locally computed signature with the server.
This usually indicates the browser has a leftover cookie from another Play application,
so clearing cookies may resolve this error message.
2017-11-13 20:09:41,830 [WARN] from play.api.mvc.DefaultJWTCookieDataCodec in play-dev-mode-akka.actor.default-dispatcher-26 - decode: cookie has invalid signature! message = JWT signature does not match locally computed signature. JWT validity cannot be asserted and should not be trusted.
2017-11-13 20:09:41,830 [INFO] from play.api.mvc.DefaultJWTCookieDataCodec in play-dev-mode-akka.actor.default-dispatcher-26 - The JWT signature in the cookie does not match the locally computed signature with the server.
This usually indicates the browser has a leftover cookie from another Play application,
so clearing cookies may resolve this error message.
2017-11-13 20:09:42,948 [WARN] from play.api.mvc.DefaultJWTCookieDataCodec in play-dev-mode-akka.actor.default-dispatcher-16 - decode: cookie has invalid signature! message = JWT signature does not match locally computed signature. JWT validity cannot be asserted and should not be trusted.
2017-11-13 20:09:42,948 [INFO] from play.api.mvc.DefaultJWTCookieDataCodec in play-dev-mode-akka.actor.default-dispatcher-16 - The JWT signature in the cookie does not match the locally computed signature with the server.
This usually indicates the browser has a leftover cookie from another Play application,
so clearing cookies may resolve this error message.
2017-11-13 20:09:43,828 [WARN] from play.api.mvc.DefaultJWTCookieDataCodec in play-dev-mode-akka.actor.default-dispatcher-27 - decode: cookie has invalid signature! message = JWT signature does not match locally computed signature. JWT validity cannot be asserted and should not be trusted.
2017-11-13 20:09:43,832 [INFO] from play.api.mvc.DefaultJWTCookieDataCodec in play-dev-mode-akka.actor.default-dispatcher-27 - The JWT signature in the cookie does not match the locally computed signature with the server.
This usually indicates the browser has a leftover cookie from another Play application,
so clearing cookies may resolve this error message.
2017-11-13 20:09:44,826 [WARN] from play.api.mvc.DefaultJWTCookieDataCodec in play-dev-mode-akka.actor.default-dispatcher-28 - decode: cookie has invalid signature! message = JWT signature does not match locally computed signature. JWT validity cannot be asserted and should not be trusted.
2017-11-13 20:09:44,827 [INFO] from play.api.mvc.DefaultJWTCookieDataCodec in play-dev-mode-akka.actor.default-dispatcher-28 - The JWT signature in the cookie does not match the locally computed signature with the server.
This usually indicates the browser has a leftover cookie from another Play application,
so clearing cookies may resolve this error message.
2017-11-13 20:09:45,923 [WARN] from play.api.mvc.DefaultJWTCookieDataCodec in play-dev-mode-akka.actor.default-dispatcher-27 - decode: cookie has invalid signature! message = JWT signature does not match locally computed signature. JWT validity cannot be asserted and should not be trusted.
2017-11-13 20:09:45,923 [INFO] from play.api.mvc.DefaultJWTCookieDataCodec in play-dev-mode-akka.actor.default-dispatcher-27 - The JWT signature in the cookie does not match the locally computed signature with the server.
This usually indicates the browser has a leftover cookie from another Play application,
so clearing cookies may resolve this error message.
2017-11-13 20:13:08,906 [INFO] from play.api.http.EnabledFilters in play-dev-mode-akka.actor.default-dispatcher-34 - Enabled Filters (see <https://www.playframework.com/documentation/latest/Filters>):

    play.filters.csrf.CSRFFilter
    play.filters.headers.SecurityHeadersFilter
    play.filters.hosts.AllowedHostsFilter

2017-11-13 20:13:08,919 [INFO] from play.api.Play in play-dev-mode-akka.actor.default-dispatcher-34 - Application started (Dev)
2017-11-13 20:13:08,933 [WARN] from play.api.mvc.DefaultJWTCookieDataCodec in play-dev-mode-akka.actor.default-dispatcher-34 - decode: cookie has invalid signature! message = JWT signature does not match locally computed signature. JWT validity cannot be asserted and should not be trusted.
2017-11-13 20:13:08,933 [INFO] from play.api.mvc.DefaultJWTCookieDataCodec in play-dev-mode-akka.actor.default-dispatcher-34 - The JWT signature in the cookie does not match the locally computed signature with the server.
This usually indicates the browser has a leftover cookie from another Play application,
so clearing cookies may resolve this error message.
2017-11-13 20:13:13,649 [WARN] from play.api.mvc.DefaultJWTCookieDataCodec in play-dev-mode-akka.actor.default-dispatcher-37 - decode: cookie has invalid signature! message = JWT signature does not match locally computed signature. JWT validity cannot be asserted and should not be trusted.
2017-11-13 20:13:13,652 [INFO] from play.api.mvc.DefaultJWTCookieDataCodec in play-dev-mode-akka.actor.default-dispatcher-37 - The JWT signature in the cookie does not match the locally computed signature with the server.
This usually indicates the browser has a leftover cookie from another Play application,
so clearing cookies may resolve this error message.
2017-11-13 20:13:15,030 [WARN] from play.api.mvc.DefaultJWTCookieDataCodec in play-dev-mode-akka.actor.default-dispatcher-33 - decode: cookie has invalid signature! message = JWT signature does not match locally computed signature. JWT validity cannot be asserted and should not be trusted.
2017-11-13 20:13:15,032 [INFO] from play.api.mvc.DefaultJWTCookieDataCodec in play-dev-mode-akka.actor.default-dispatcher-33 - The JWT signature in the cookie does not match the locally computed signature with the server.
This usually indicates the browser has a leftover cookie from another Play application,
so clearing cookies may resolve this error message.
2017-11-13 20:13:15,803 [WARN] from play.api.mvc.DefaultJWTCookieDataCodec in play-dev-mode-akka.actor.default-dispatcher-33 - decode: cookie has invalid signature! message = JWT signature does not match locally computed signature. JWT validity cannot be asserted and should not be trusted.
2017-11-13 20:13:15,807 [INFO] from play.api.mvc.DefaultJWTCookieDataCodec in play-dev-mode-akka.actor.default-dispatcher-33 - The JWT signature in the cookie does not match the locally computed signature with the server.
This usually indicates the browser has a leftover cookie from another Play application,
so clearing cookies may resolve this error message.
2017-11-13 20:13:16,394 [WARN] from play.api.mvc.DefaultJWTCookieDataCodec in play-dev-mode-akka.actor.default-dispatcher-38 - decode: cookie has invalid signature! message = JWT signature does not match locally computed signature. JWT validity cannot be asserted and should not be trusted.
2017-11-13 20:13:16,394 [INFO] from play.api.mvc.DefaultJWTCookieDataCodec in play-dev-mode-akka.actor.default-dispatcher-38 - The JWT signature in the cookie does not match the locally computed signature with the server.
This usually indicates the browser has a leftover cookie from another Play application,
so clearing cookies may resolve this error message.
2017-11-13 20:13:16,787 [WARN] from play.api.mvc.DefaultJWTCookieDataCodec in play-dev-mode-akka.actor.default-dispatcher-33 - decode: cookie has invalid signature! message = JWT signature does not match locally computed signature. JWT validity cannot be asserted and should not be trusted.
2017-11-13 20:13:16,789 [INFO] from play.api.mvc.DefaultJWTCookieDataCodec in play-dev-mode-akka.actor.default-dispatcher-33 - The JWT signature in the cookie does not match the locally computed signature with the server.
This usually indicates the browser has a leftover cookie from another Play application,
so clearing cookies may resolve this error message.
2017-11-13 20:13:17,219 [WARN] from play.api.mvc.DefaultJWTCookieDataCodec in play-dev-mode-akka.actor.default-dispatcher-33 - decode: cookie has invalid signature! message = JWT signature does not match locally computed signature. JWT validity cannot be asserted and should not be trusted.
2017-11-13 20:13:17,220 [INFO] from play.api.mvc.DefaultJWTCookieDataCodec in play-dev-mode-akka.actor.default-dispatcher-33 - The JWT signature in the cookie does not match the locally computed signature with the server.
This usually indicates the browser has a leftover cookie from another Play application,
so clearing cookies may resolve this error message.
2017-11-13 20:13:17,655 [WARN] from play.api.mvc.DefaultJWTCookieDataCodec in play-dev-mode-akka.actor.default-dispatcher-38 - decode: cookie has invalid signature! message = JWT signature does not match locally computed signature. JWT validity cannot be asserted and should not be trusted.
2017-11-13 20:13:17,656 [INFO] from play.api.mvc.DefaultJWTCookieDataCodec in play-dev-mode-akka.actor.default-dispatcher-38 - The JWT signature in the cookie does not match the locally computed signature with the server.
This usually indicates the browser has a leftover cookie from another Play application,
so clearing cookies may resolve this error message.
2017-11-13 20:13:18,109 [WARN] from play.api.mvc.DefaultJWTCookieDataCodec in play-dev-mode-akka.actor.default-dispatcher-32 - decode: cookie has invalid signature! message = JWT signature does not match locally computed signature. JWT validity cannot be asserted and should not be trusted.
2017-11-13 20:13:18,109 [INFO] from play.api.mvc.DefaultJWTCookieDataCodec in play-dev-mode-akka.actor.default-dispatcher-32 - The JWT signature in the cookie does not match the locally computed signature with the server.
This usually indicates the browser has a leftover cookie from another Play application,
so clearing cookies may resolve this error message.
2017-11-13 20:13:18,480 [WARN] from play.api.mvc.DefaultJWTCookieDataCodec in play-dev-mode-akka.actor.default-dispatcher-38 - decode: cookie has invalid signature! message = JWT signature does not match locally computed signature. JWT validity cannot be asserted and should not be trusted.
2017-11-13 20:13:18,481 [INFO] from play.api.mvc.DefaultJWTCookieDataCodec in play-dev-mode-akka.actor.default-dispatcher-38 - The JWT signature in the cookie does not match the locally computed signature with the server.
This usually indicates the browser has a leftover cookie from another Play application,
so clearing cookies may resolve this error message.
2017-11-13 20:13:18,903 [WARN] from play.api.mvc.DefaultJWTCookieDataCodec in play-dev-mode-akka.actor.default-dispatcher-32 - decode: cookie has invalid signature! message = JWT signature does not match locally computed signature. JWT validity cannot be asserted and should not be trusted.
2017-11-13 20:13:18,904 [INFO] from play.api.mvc.DefaultJWTCookieDataCodec in play-dev-mode-akka.actor.default-dispatcher-32 - The JWT signature in the cookie does not match the locally computed signature with the server.
This usually indicates the browser has a leftover cookie from another Play application,
so clearing cookies may resolve this error message.
2017-11-13 20:13:19,347 [WARN] from play.api.mvc.DefaultJWTCookieDataCodec in play-dev-mode-akka.actor.default-dispatcher-38 - decode: cookie has invalid signature! message = JWT signature does not match locally computed signature. JWT validity cannot be asserted and should not be trusted.
2017-11-13 20:13:19,350 [INFO] from play.api.mvc.DefaultJWTCookieDataCodec in play-dev-mode-akka.actor.default-dispatcher-38 - The JWT signature in the cookie does not match the locally computed signature with the server.
This usually indicates the browser has a leftover cookie from another Play application,
so clearing cookies may resolve this error message.
2017-11-13 20:13:19,679 [WARN] from play.api.mvc.DefaultJWTCookieDataCodec in play-dev-mode-akka.actor.default-dispatcher-38 - decode: cookie has invalid signature! message = JWT signature does not match locally computed signature. JWT validity cannot be asserted and should not be trusted.
2017-11-13 20:13:19,680 [INFO] from play.api.mvc.DefaultJWTCookieDataCodec in play-dev-mode-akka.actor.default-dispatcher-38 - The JWT signature in the cookie does not match the locally computed signature with the server.
This usually indicates the browser has a leftover cookie from another Play application,
so clearing cookies may resolve this error message.
2017-11-13 20:13:19,961 [WARN] from play.api.mvc.DefaultJWTCookieDataCodec in play-dev-mode-akka.actor.default-dispatcher-32 - decode: cookie has invalid signature! message = JWT signature does not match locally computed signature. JWT validity cannot be asserted and should not be trusted.
2017-11-13 20:13:19,962 [INFO] from play.api.mvc.DefaultJWTCookieDataCodec in play-dev-mode-akka.actor.default-dispatcher-32 - The JWT signature in the cookie does not match the locally computed signature with the server.
This usually indicates the browser has a leftover cookie from another Play application,
so clearing cookies may resolve this error message.
2017-11-13 20:13:20,221 [WARN] from play.api.mvc.DefaultJWTCookieDataCodec in play-dev-mode-akka.actor.default-dispatcher-32 - decode: cookie has invalid signature! message = JWT signature does not match locally computed signature. JWT validity cannot be asserted and should not be trusted.
2017-11-13 20:13:20,221 [INFO] from play.api.mvc.DefaultJWTCookieDataCodec in play-dev-mode-akka.actor.default-dispatcher-32 - The JWT signature in the cookie does not match the locally computed signature with the server.
This usually indicates the browser has a leftover cookie from another Play application,
so clearing cookies may resolve this error message.
2017-11-13 20:13:20,671 [WARN] from play.api.mvc.DefaultJWTCookieDataCodec in play-dev-mode-akka.actor.default-dispatcher-38 - decode: cookie has invalid signature! message = JWT signature does not match locally computed signature. JWT validity cannot be asserted and should not be trusted.
2017-11-13 20:13:20,672 [INFO] from play.api.mvc.DefaultJWTCookieDataCodec in play-dev-mode-akka.actor.default-dispatcher-38 - The JWT signature in the cookie does not match the locally computed signature with the server.
This usually indicates the browser has a leftover cookie from another Play application,
so clearing cookies may resolve this error message.
2017-11-13 20:13:20,936 [WARN] from play.api.mvc.DefaultJWTCookieDataCodec in play-dev-mode-akka.actor.default-dispatcher-38 - decode: cookie has invalid signature! message = JWT signature does not match locally computed signature. JWT validity cannot be asserted and should not be trusted.
2017-11-13 20:13:20,937 [INFO] from play.api.mvc.DefaultJWTCookieDataCodec in play-dev-mode-akka.actor.default-dispatcher-38 - The JWT signature in the cookie does not match the locally computed signature with the server.
This usually indicates the browser has a leftover cookie from another Play application,
so clearing cookies may resolve this error message.
2017-11-13 20:13:21,316 [WARN] from play.api.mvc.DefaultJWTCookieDataCodec in play-dev-mode-akka.actor.default-dispatcher-32 - decode: cookie has invalid signature! message = JWT signature does not match locally computed signature. JWT validity cannot be asserted and should not be trusted.
2017-11-13 20:13:21,316 [INFO] from play.api.mvc.DefaultJWTCookieDataCodec in play-dev-mode-akka.actor.default-dispatcher-32 - The JWT signature in the cookie does not match the locally computed signature with the server.
This usually indicates the browser has a leftover cookie from another Play application,
so clearing cookies may resolve this error message.
2017-11-13 20:13:21,748 [WARN] from play.api.mvc.DefaultJWTCookieDataCodec in play-dev-mode-akka.actor.default-dispatcher-38 - decode: cookie has invalid signature! message = JWT signature does not match locally computed signature. JWT validity cannot be asserted and should not be trusted.
2017-11-13 20:13:21,748 [INFO] from play.api.mvc.DefaultJWTCookieDataCodec in play-dev-mode-akka.actor.default-dispatcher-38 - The JWT signature in the cookie does not match the locally computed signature with the server.
This usually indicates the browser has a leftover cookie from another Play application,
so clearing cookies may resolve this error message.
2017-11-13 20:13:28,932 [WARN] from play.api.mvc.DefaultJWTCookieDataCodec in play-dev-mode-akka.actor.default-dispatcher-37 - decode: cookie has invalid signature! message = JWT signature does not match locally computed signature. JWT validity cannot be asserted and should not be trusted.
2017-11-13 20:13:28,932 [INFO] from play.api.mvc.DefaultJWTCookieDataCodec in play-dev-mode-akka.actor.default-dispatcher-37 - The JWT signature in the cookie does not match the locally computed signature with the server.
This usually indicates the browser has a leftover cookie from another Play application,
so clearing cookies may resolve this error message.
2017-11-13 20:13:30,353 [WARN] from play.api.mvc.DefaultJWTCookieDataCodec in play-dev-mode-akka.actor.default-dispatcher-36 - decode: cookie has invalid signature! message = JWT signature does not match locally computed signature. JWT validity cannot be asserted and should not be trusted.
2017-11-13 20:13:30,353 [INFO] from play.api.mvc.DefaultJWTCookieDataCodec in play-dev-mode-akka.actor.default-dispatcher-36 - The JWT signature in the cookie does not match the locally computed signature with the server.
This usually indicates the browser has a leftover cookie from another Play application,
so clearing cookies may resolve this error message.
2017-11-13 20:13:31,091 [WARN] from play.api.mvc.DefaultJWTCookieDataCodec in play-dev-mode-akka.actor.default-dispatcher-34 - decode: cookie has invalid signature! message = JWT signature does not match locally computed signature. JWT validity cannot be asserted and should not be trusted.
2017-11-13 20:13:31,093 [INFO] from play.api.mvc.DefaultJWTCookieDataCodec in play-dev-mode-akka.actor.default-dispatcher-34 - The JWT signature in the cookie does not match the locally computed signature with the server.
This usually indicates the browser has a leftover cookie from another Play application,
so clearing cookies may resolve this error message.
2017-11-13 20:13:31,755 [WARN] from play.api.mvc.DefaultJWTCookieDataCodec in play-dev-mode-akka.actor.default-dispatcher-36 - decode: cookie has invalid signature! message = JWT signature does not match locally computed signature. JWT validity cannot be asserted and should not be trusted.
2017-11-13 20:13:31,757 [INFO] from play.api.mvc.DefaultJWTCookieDataCodec in play-dev-mode-akka.actor.default-dispatcher-36 - The JWT signature in the cookie does not match the locally computed signature with the server.
This usually indicates the browser has a leftover cookie from another Play application,
so clearing cookies may resolve this error message.
2017-11-13 20:13:32,514 [WARN] from play.api.mvc.DefaultJWTCookieDataCodec in play-dev-mode-akka.actor.default-dispatcher-36 - decode: cookie has invalid signature! message = JWT signature does not match locally computed signature. JWT validity cannot be asserted and should not be trusted.
2017-11-13 20:13:32,516 [INFO] from play.api.mvc.DefaultJWTCookieDataCodec in play-dev-mode-akka.actor.default-dispatcher-36 - The JWT signature in the cookie does not match the locally computed signature with the server.
This usually indicates the browser has a leftover cookie from another Play application,
so clearing cookies may resolve this error message.
2017-11-13 20:13:33,095 [WARN] from play.api.mvc.DefaultJWTCookieDataCodec in play-dev-mode-akka.actor.default-dispatcher-36 - decode: cookie has invalid signature! message = JWT signature does not match locally computed signature. JWT validity cannot be asserted and should not be trusted.
2017-11-13 20:13:33,096 [INFO] from play.api.mvc.DefaultJWTCookieDataCodec in play-dev-mode-akka.actor.default-dispatcher-36 - The JWT signature in the cookie does not match the locally computed signature with the server.
This usually indicates the browser has a leftover cookie from another Play application,
so clearing cookies may resolve this error message.
2017-11-13 20:13:33,433 [WARN] from play.api.mvc.DefaultJWTCookieDataCodec in play-dev-mode-akka.actor.default-dispatcher-35 - decode: cookie has invalid signature! message = JWT signature does not match locally computed signature. JWT validity cannot be asserted and should not be trusted.
2017-11-13 20:13:33,437 [INFO] from play.api.mvc.DefaultJWTCookieDataCodec in play-dev-mode-akka.actor.default-dispatcher-35 - The JWT signature in the cookie does not match the locally computed signature with the server.
This usually indicates the browser has a leftover cookie from another Play application,
so clearing cookies may resolve this error message.
2017-11-13 20:13:34,745 [WARN] from play.api.mvc.DefaultJWTCookieDataCodec in play-dev-mode-akka.actor.default-dispatcher-35 - decode: cookie has invalid signature! message = JWT signature does not match locally computed signature. JWT validity cannot be asserted and should not be trusted.
2017-11-13 20:13:34,745 [INFO] from play.api.mvc.DefaultJWTCookieDataCodec in play-dev-mode-akka.actor.default-dispatcher-35 - The JWT signature in the cookie does not match the locally computed signature with the server.
This usually indicates the browser has a leftover cookie from another Play application,
so clearing cookies may resolve this error message.
2017-11-13 20:13:35,653 [WARN] from play.api.mvc.DefaultJWTCookieDataCodec in play-dev-mode-akka.actor.default-dispatcher-36 - decode: cookie has invalid signature! message = JWT signature does not match locally computed signature. JWT validity cannot be asserted and should not be trusted.
2017-11-13 20:13:35,653 [INFO] from play.api.mvc.DefaultJWTCookieDataCodec in play-dev-mode-akka.actor.default-dispatcher-36 - The JWT signature in the cookie does not match the locally computed signature with the server.
This usually indicates the browser has a leftover cookie from another Play application,
so clearing cookies may resolve this error message.
2017-11-13 20:13:36,547 [WARN] from play.api.mvc.DefaultJWTCookieDataCodec in play-dev-mode-akka.actor.default-dispatcher-35 - decode: cookie has invalid signature! message = JWT signature does not match locally computed signature. JWT validity cannot be asserted and should not be trusted.
2017-11-13 20:13:36,547 [INFO] from play.api.mvc.DefaultJWTCookieDataCodec in play-dev-mode-akka.actor.default-dispatcher-35 - The JWT signature in the cookie does not match the locally computed signature with the server.
This usually indicates the browser has a leftover cookie from another Play application,
so clearing cookies may resolve this error message.
2017-11-13 20:17:10,786 [ERROR] from application in play-dev-mode-akka.actor.default-dispatcher-39 - 

! @7620d86jo - Internal server error, for (GET) [/name=ted] ->
 
play.sbt.routes.RoutesCompilationException: Compilation error[Using different overloaded methods is not allowed. If you are using a single method in combination with default parameters, make sure you declare them all explicitly.]
	at play.sbt.routes.RoutesCompiler$.$anonfun$compileRoutes$5(RoutesCompiler.scala:165)
	at scala.collection.TraversableLike.$anonfun$map$1(TraversableLike.scala:234)
	at scala.collection.immutable.List.foreach(List.scala:389)
	at scala.collection.TraversableLike.map(TraversableLike.scala:234)
	at scala.collection.TraversableLike.map$(TraversableLike.scala:227)
	at scala.collection.immutable.List.map(List.scala:295)
	at play.sbt.routes.RoutesCompiler$.compileRoutes(RoutesCompiler.scala:163)
	at play.sbt.routes.RoutesCompiler$.$anonfun$compileRoutesFiles$1(RoutesCompiler.scala:141)
	at scala.Function1.$anonfun$compose$1(Function1.scala:44)
	at sbt.internal.util.$tilde$greater.$anonfun$$u2219$1(TypeFunctions.scala:42)
	at sbt.std.Transform$$anon$4.work(System.scala:64)
	at sbt.Execute.$anonfun$submit$2(Execute.scala:257)
	at sbt.internal.util.ErrorHandling$.wideConvert(ErrorHandling.scala:16)
	at sbt.Execute.work(Execute.scala:266)
	at sbt.Execute.$anonfun$submit$1(Execute.scala:257)
	at sbt.ConcurrentRestrictions$$anon$4.$anonfun$submitValid$1(ConcurrentRestrictions.scala:167)
	at sbt.CompletionService$$anon$2.call(CompletionService.scala:32)
	at java.util.concurrent.FutureTask.run(FutureTask.java:266)
	at java.util.concurrent.Executors$RunnableAdapter.call(Executors.java:511)
	at java.util.concurrent.FutureTask.run(FutureTask.java:266)
	at java.util.concurrent.ThreadPoolExecutor.runWorker(ThreadPoolExecutor.java:1149)
	at java.util.concurrent.ThreadPoolExecutor$Worker.run(ThreadPoolExecutor.java:624)
	at java.lang.Thread.run(Thread.java:748)
2017-11-13 20:17:31,038 [ERROR] from application in play-dev-mode-akka.actor.default-dispatcher-44 - 

! @7620d9aj0 - Internal server error, for (GET) [/?name=ted] ->
 
play.sbt.routes.RoutesCompilationException: Compilation error[Using different overloaded methods is not allowed. If you are using a single method in combination with default parameters, make sure you declare them all explicitly.]
	at play.sbt.routes.RoutesCompiler$.$anonfun$compileRoutes$5(RoutesCompiler.scala:165)
	at scala.collection.TraversableLike.$anonfun$map$1(TraversableLike.scala:234)
	at scala.collection.immutable.List.foreach(List.scala:389)
	at scala.collection.TraversableLike.map(TraversableLike.scala:234)
	at scala.collection.TraversableLike.map$(TraversableLike.scala:227)
	at scala.collection.immutable.List.map(List.scala:295)
	at play.sbt.routes.RoutesCompiler$.compileRoutes(RoutesCompiler.scala:163)
	at play.sbt.routes.RoutesCompiler$.$anonfun$compileRoutesFiles$1(RoutesCompiler.scala:141)
	at scala.Function1.$anonfun$compose$1(Function1.scala:44)
	at sbt.internal.util.$tilde$greater.$anonfun$$u2219$1(TypeFunctions.scala:42)
	at sbt.std.Transform$$anon$4.work(System.scala:64)
	at sbt.Execute.$anonfun$submit$2(Execute.scala:257)
	at sbt.internal.util.ErrorHandling$.wideConvert(ErrorHandling.scala:16)
	at sbt.Execute.work(Execute.scala:266)
	at sbt.Execute.$anonfun$submit$1(Execute.scala:257)
	at sbt.ConcurrentRestrictions$$anon$4.$anonfun$submitValid$1(ConcurrentRestrictions.scala:167)
	at sbt.CompletionService$$anon$2.call(CompletionService.scala:32)
	at java.util.concurrent.FutureTask.run(FutureTask.java:266)
	at java.util.concurrent.Executors$RunnableAdapter.call(Executors.java:511)
	at java.util.concurrent.FutureTask.run(FutureTask.java:266)
	at java.util.concurrent.ThreadPoolExecutor.runWorker(ThreadPoolExecutor.java:1149)
	at java.util.concurrent.ThreadPoolExecutor$Worker.run(ThreadPoolExecutor.java:624)
	at java.lang.Thread.run(Thread.java:748)
2017-11-13 20:18:56,354 [INFO] from play.api.http.EnabledFilters in play-dev-mode-akka.actor.default-dispatcher-44 - Enabled Filters (see <https://www.playframework.com/documentation/latest/Filters>):

    play.filters.csrf.CSRFFilter
    play.filters.headers.SecurityHeadersFilter
    play.filters.hosts.AllowedHostsFilter

2017-11-13 20:18:56,361 [INFO] from play.api.Play in play-dev-mode-akka.actor.default-dispatcher-44 - Application started (Dev)
2017-11-13 20:18:56,387 [WARN] from play.api.mvc.DefaultJWTCookieDataCodec in play-dev-mode-akka.actor.default-dispatcher-44 - decode: cookie has invalid signature! message = JWT signature does not match locally computed signature. JWT validity cannot be asserted and should not be trusted.
2017-11-13 20:18:56,387 [INFO] from play.api.mvc.DefaultJWTCookieDataCodec in play-dev-mode-akka.actor.default-dispatcher-44 - The JWT signature in the cookie does not match the locally computed signature with the server.
This usually indicates the browser has a leftover cookie from another Play application,
so clearing cookies may resolve this error message.
2017-11-13 20:19:01,221 [WARN] from play.api.mvc.DefaultJWTCookieDataCodec in play-dev-mode-akka.actor.default-dispatcher-55 - decode: cookie has invalid signature! message = JWT signature does not match locally computed signature. JWT validity cannot be asserted and should not be trusted.
2017-11-13 20:19:01,221 [INFO] from play.api.mvc.DefaultJWTCookieDataCodec in play-dev-mode-akka.actor.default-dispatcher-55 - The JWT signature in the cookie does not match the locally computed signature with the server.
This usually indicates the browser has a leftover cookie from another Play application,
so clearing cookies may resolve this error message.
2017-11-13 20:19:26,324 [INFO] from play.core.server.AkkaHttpServer in pool-5-thread-5 - Stopping server...
